<?xml version="1.0" encoding="UTF-8"?>
<testng-results skipped="0" failed="0" ignored="0" total="1" passed="1">
  <reporter-output>
  </reporter-output>
  <suite name="Suite" duration-ms="33446" started-at="2020-08-15T02:10:57Z" finished-at="2020-08-15T02:11:31Z">
    <groups>
      <group name="cucumber">
        <method signature="RunnerClass.feature(cucumber.api.testng.CucumberFeatureWrapper)[pri:0, instance:RunnerFile.RunnerClass@6e1567f1]" name="feature" class="RunnerFile.RunnerClass"/>
      </group> <!-- cucumber -->
    </groups>
    <test name="Test" duration-ms="33446" started-at="2020-08-15T02:10:57Z" finished-at="2020-08-15T02:11:31Z">
      <class name="RunnerFile.RunnerClass">
        <test-method status="PASS" signature="setUp()[pri:0, instance:RunnerFile.RunnerClass@6e1567f1]" name="setUp" is-config="true" duration-ms="275" started-at="2020-08-15T02:10:57Z" finished-at="2020-08-15T02:10:57Z">
          <reporter-output>
          </reporter-output>
        </test-method> <!-- setUp -->
        <test-method status="PASS" signature="feature(cucumber.api.testng.CucumberFeatureWrapper)[pri:0, instance:RunnerFile.RunnerClass@6e1567f1]" name="feature" duration-ms="31637" started-at="2020-08-15T02:10:57Z" description="Runs Cucumber feature" data-provider="features" finished-at="2020-08-15T02:11:29Z">
          <params>
            <param index="0">
              <value>
                <![CDATA[User can Login to application]]>
              </value>
            </param>
          </params>
          <reporter-output>
          </reporter-output>
        </test-method> <!-- feature -->
        <test-method status="PASS" signature="tearDown()[pri:0, instance:RunnerFile.RunnerClass@6e1567f1]" name="tearDown" is-config="true" duration-ms="1397" started-at="2020-08-15T02:11:29Z" finished-at="2020-08-15T02:11:31Z">
          <reporter-output>
          </reporter-output>
        </test-method> <!-- tearDown -->
      </class> <!-- RunnerFile.RunnerClass -->
    </test> <!-- Test -->
  </suite> <!-- Suite -->
</testng-results>
